[2021-06-18 21:32:35] production.ERROR: symlink(): No such file or directory {"exception":"[object] (ErrorException(code: 0): symlink(): No such file or directory at /var/www/hack.medin.cloud/vendor/laravel/framework/src/Illuminate/Filesystem/Filesystem.php:263)
[stacktrace]
#0 [internal function]: Illuminate\\Foundation\\Bootstrap\\HandleExceptions->handleError()
#1 /var/www/hack.medin.cloud/vendor/laravel/framework/src/Illuminate/Filesystem/Filesystem.php(263): symlink()
#2 /var/www/hack.medin.cloud/vendor/laravel/framework/src/Illuminate/Foundation/Console/StorageLinkCommand.php(35): Illuminate\\Filesystem\\Filesystem->link()
#3 /var/www/hack.medin.cloud/vendor/laravel/framework/src/Illuminate/Container/BoundMethod.php(36): Illuminate\\Foundation\\Console\\StorageLinkCommand->handle()
#4 /var/www/hack.medin.cloud/vendor/laravel/framework/src/Illuminate/Container/Util.php(37): Illuminate\\Container\\BoundMethod::Illuminate\\Container\\{closure}()
#5 /var/www/hack.medin.cloud/vendor/laravel/framework/src/Illuminate/Container/BoundMethod.php(93): Illuminate\\Container\\Util::unwrapIfClosure()
#6 /var/www/hack.medin.cloud/vendor/laravel/framework/src/Illuminate/Container/BoundMethod.php(37): Illuminate\\Container\\BoundMethod::callBoundMethod()
#7 /var/www/hack.medin.cloud/vendor/laravel/framework/src/Illuminate/Container/Container.php(590): Illuminate\\Container\\BoundMethod::call()
#8 /var/www/hack.medin.cloud/vendor/laravel/framework/src/Illuminate/Console/Command.php(134): Illuminate\\Container\\Container->call()
#9 /var/www/hack.medin.cloud/vendor/symfony/console/Command/Command.php(255): Illuminate\\Console\\Command->execute()
#10 /var/www/hack.medin.cloud/vendor/laravel/framework/src/Illuminate/Console/Command.php(121): Symfony\\Component\\Console\\Command\\Command->run()
#11 /var/www/hack.medin.cloud/vendor/symfony/console/Application.php(1009): Illuminate\\Console\\Command->run()
#12 /var/www/hack.medin.cloud/vendor/symfony/console/Application.php(273): Symfony\\Component\\Console\\Application->doRunCommand()
#13 /var/www/hack.medin.cloud/vendor/symfony/console/Application.php(149): Symfony\\Component\\Console\\Application->doRun()
#14 /var/www/hack.medin.cloud/vendor/laravel/framework/src/Illuminate/Console/Application.php(93): Symfony\\Component\\Console\\Application->run()
#15 /var/www/hack.medin.cloud/vendor/laravel/framework/src/Illuminate/Console/Application.php(185): Illuminate\\Console\\Application->run()
#16 /var/www/hack.medin.cloud/vendor/laravel/framework/src/Illuminate/Foundation/Console/Kernel.php(273): Illuminate\\Console\\Application->call()
#17 /var/www/hack.medin.cloud/vendor/laravel/framework/src/Illuminate/Support/Facades/Facade.php(261): Illuminate\\Foundation\\Console\\Kernel->call()
#18 /var/www/hack.medin.cloud/app/Services/AltrpUpdateService.php(206): Illuminate\\Support\\Facades\\Facade::__callStatic()
#19 /var/www/hack.medin.cloud/app/Services/AltrpUpdateService.php(98): App\\Services\\AltrpUpdateService->clearCache()
#20 /var/www/hack.medin.cloud/app/Http/Controllers/Admin/UpdateController.php(52): App\\Services\\AltrpUpdateService->update()
#21 /var/www/hack.medin.cloud/vendor/laravel/framework/src/Illuminate/Routing/Controller.php(54): App\\Http\\Controllers\\Admin\\UpdateController->update_altrp()
#22 /var/www/hack.medin.cloud/vendor/laravel/framework/src/Illuminate/Routing/ControllerDispatcher.php(45): Illuminate\\Routing\\Controller->callAction()
#23 /var/www/hack.medin.cloud/vendor/laravel/framework/src/Illuminate/Routing/Route.php(219): Illuminate\\Routing\\ControllerDispatcher->dispatch()
#24 /var/www/hack.medin.cloud/vendor/laravel/framework/src/Illuminate/Routing/Route.php(176): Illuminate\\Routing\\Route->runController()
#25 /var/www/hack.medin.cloud/vendor/laravel/framework/src/Illuminate/Routing/Router.php(681): Illuminate\\Routing\\Route->run()
#26 /var/www/hack.medin.cloud/vendor/laravel/framework/src/Illuminate/Pipeline/Pipeline.php(130): Illuminate\\Routing\\Router->Illuminate\\Routing\\{closure}()
#27 /var/www/hack.medin.cloud/app/Http/Middleware/IsAdmin.php(19): Illuminate\\Pipeline\\Pipeline->Illuminate\\Pipeline\\{closure}()
#28 /var/www/hack.medin.cloud/vendor/laravel/framework/src/Illuminate/Pipeline/Pipeline.php(171): App\\Http\\Middleware\\IsAdmin->handle()
#29 /var/www/hack.medin.cloud/vendor/laravel/framework/src/Illuminate/Routing/Middleware/SubstituteBindings.php(41): Illuminate\\Pipeline\\Pipeline->Illuminate\\Pipeline\\{closure}()
#30 /var/www/hack.medin.cloud/vendor/laravel/framework/src/Illuminate/Pipeline/Pipeline.php(171): Illuminate\\Routing\\Middleware\\SubstituteBindings->handle()
#31 /var/www/hack.medin.cloud/vendor/laravel/framework/src/Illuminate/Foundation/Http/Middleware/VerifyCsrfToken.php(78): Illuminate\\Pipeline\\Pipeline->Illuminate\\Pipeline\\{closure}()
#32 /var/www/hack.medin.cloud/vendor/laravel/framework/src/Illuminate/Pipeline/Pipeline.php(171): Illuminate\\Foundation\\Http\\Middleware\\VerifyCsrfToken->handle()
#33 /var/www/hack.medin.cloud/vendor/laravel/framework/src/Illuminate/View/Middleware/ShareErrorsFromSession.php(49): Illuminate\\Pipeline\\Pipeline->Illuminate\\Pipeline\\{closure}()
#34 /var/www/hack.medin.cloud/vendor/laravel/framework/src/Illuminate/Pipeline/Pipeline.php(171): Illuminate\\View\\Middleware\\ShareErrorsFromSession->handle()
#35 /var/www/hack.medin.cloud/vendor/laravel/framework/src/Illuminate/Session/Middleware/StartSession.php(56): Illuminate\\Pipeline\\Pipeline->Illuminate\\Pipeline\\{closure}()
#36 /var/www/hack.medin.cloud/vendor/laravel/framework/src/Illuminate/Pipeline/Pipeline.php(171): Illuminate\\Session\\Middleware\\StartSession->handle()
#37 /var/www/hack.medin.cloud/vendor/laravel/framework/src/Illuminate/Cookie/Middleware/AddQueuedCookiesToResponse.php(37): Illuminate\\Pipeline\\Pipeline->Illuminate\\Pipeline\\{closure}()
#38 /var/www/hack.medin.cloud/vendor/laravel/framework/src/Illuminate/Pipeline/Pipeline.php(171): Illuminate\\Cookie\\Middleware\\AddQueuedCookiesToResponse->handle()
#39 /var/www/hack.medin.cloud/vendor/laravel/framework/src/Illuminate/Cookie/Middleware/EncryptCookies.php(67): Illuminate\\Pipeline\\Pipeline->Illuminate\\Pipeline\\{closure}()
#40 /var/www/hack.medin.cloud/vendor/laravel/framework/src/Illuminate/Pipeline/Pipeline.php(171): Illuminate\\Cookie\\Middleware\\EncryptCookies->handle()
#41 /var/www/hack.medin.cloud/vendor/laravel/framework/src/Illuminate/Pipeline/Pipeline.php(105): Illuminate\\Pipeline\\Pipeline->Illuminate\\Pipeline\\{closure}()
#42 /var/www/hack.medin.cloud/vendor/laravel/framework/src/Illuminate/Routing/Router.php(683): Illuminate\\Pipeline\\Pipeline->then()
#43 /var/www/hack.medin.cloud/vendor/laravel/framework/src/Illuminate/Routing/Router.php(658): Illuminate\\Routing\\Router->runRouteWithinStack()
#44 /var/www/hack.medin.cloud/vendor/laravel/framework/src/Illuminate/Routing/Router.php(624): Illuminate\\Routing\\Router->runRoute()
#45 /var/www/hack.medin.cloud/vendor/laravel/framework/src/Illuminate/Routing/Router.php(613): Illuminate\\Routing\\Router->dispatchToRoute()
#46 /var/www/hack.medin.cloud/vendor/laravel/framework/src/Illuminate/Foundation/Http/Kernel.php(170): Illuminate\\Routing\\Router->dispatch()
#47 /var/www/hack.medin.cloud/vendor/laravel/framework/src/Illuminate/Pipeline/Pipeline.php(130): Illuminate\\Foundation\\Http\\Kernel->Illuminate\\Foundation\\Http\\{closure}()
#48 /var/www/hack.medin.cloud/vendor/laravel/framework/src/Illuminate/Foundation/Http/Middleware/TransformsRequest.php(21): Illuminate\\Pipeline\\Pipeline->Illuminate\\Pipeline\\{closure}()
#49 /var/www/hack.medin.cloud/vendor/laravel/framework/src/Illuminate/Pipeline/Pipeline.php(171): Illuminate\\Foundation\\Http\\Middleware\\TransformsRequest->handle()
#50 /var/www/hack.medin.cloud/vendor/laravel/framework/src/Illuminate/Foundation/Http/Middleware/TransformsRequest.php(21): Illuminate\\Pipeline\\Pipeline->Illuminate\\Pipeline\\{closure}()
#51 /var/www/hack.medin.cloud/vendor/laravel/framework/src/Illuminate/Pipeline/Pipeline.php(171): Illuminate\\Foundation\\Http\\Middleware\\TransformsRequest->handle()
#52 /var/www/hack.medin.cloud/vendor/laravel/framework/src/Illuminate/Foundation/Http/Middleware/ValidatePostSize.php(27): Illuminate\\Pipeline\\Pipeline->Illuminate\\Pipeline\\{closure}()
#53 /var/www/hack.medin.cloud/vendor/laravel/framework/src/Illuminate/Pipeline/Pipeline.php(171): Illuminate\\Foundation\\Http\\Middleware\\ValidatePostSize->handle()
#54 /var/www/hack.medin.cloud/vendor/laravel/framework/src/Illuminate/Foundation/Http/Middleware/CheckForMaintenanceMode.php(63): Illuminate\\Pipeline\\Pipeline->Illuminate\\Pipeline\\{closure}()
#55 /var/www/hack.medin.cloud/vendor/laravel/framework/src/Illuminate/Pipeline/Pipeline.php(171): Illuminate\\Foundation\\Http\\Middleware\\CheckForMaintenanceMode->handle()
#56 /var/www/hack.medin.cloud/vendor/fideloper/proxy/src/TrustProxies.php(57): Illuminate\\Pipeline\\Pipeline->Illuminate\\Pipeline\\{closure}()
#57 /var/www/hack.medin.cloud/vendor/laravel/framework/src/Illuminate/Pipeline/Pipeline.php(171): Fideloper\\Proxy\\TrustProxies->handle()
#58 /var/www/hack.medin.cloud/vendor/laravel/framework/src/Illuminate/Pipeline/Pipeline.php(105): Illuminate\\Pipeline\\Pipeline->Illuminate\\Pipeline\\{closure}()
#59 /var/www/hack.medin.cloud/vendor/laravel/framework/src/Illuminate/Foundation/Http/Kernel.php(145): Illuminate\\Pipeline\\Pipeline->then()
#60 /var/www/hack.medin.cloud/vendor/laravel/framework/src/Illuminate/Foundation/Http/Kernel.php(110): Illuminate\\Foundation\\Http\\Kernel->sendRequestThroughRouter()
#61 /var/www/hack.medin.cloud/public/main.php(55): Illuminate\\Foundation\\Http\\Kernel->handle()
#62 /var/www/hack.medin.cloud/public/index.php(32): require('/var/www/hack.m...')
#63 {main}
"} 
[2021-06-18 21:32:40] production.ERROR: Argument 1 passed to App\Services\PageService::updatePageRoutes() must be an instance of App\Page, null given, called in /var/www/hack.medin.cloud/app/Altrp/Generators/Route/RouteFile.php on line 88 {"exception":"[object] (Symfony\\Component\\Debug\\Exception\\FatalThrowableError(code: 0): Argument 1 passed to App\\Services\\PageService::updatePageRoutes() must be an instance of App\\Page, null given, called in /var/www/hack.medin.cloud/app/Altrp/Generators/Route/RouteFile.php on line 88 at /var/www/hack.medin.cloud/app/Services/PageService.php:17)
[stacktrace]
#0 /var/www/hack.medin.cloud/app/Altrp/Generators/Route/RouteFile.php(88): App\\Services\\PageService->updatePageRoutes()
#1 /var/www/hack.medin.cloud/app/Providers/RouteServiceProvider.php(40): App\\Altrp\\Generators\\Route\\RouteFile->createRouteFile()
#2 /var/www/hack.medin.cloud/vendor/laravel/framework/src/Illuminate/Container/BoundMethod.php(36): App\\Providers\\RouteServiceProvider->boot()
#3 /var/www/hack.medin.cloud/vendor/laravel/framework/src/Illuminate/Container/Util.php(37): Illuminate\\Container\\BoundMethod::Illuminate\\Container\\{closure}()
#4 /var/www/hack.medin.cloud/vendor/laravel/framework/src/Illuminate/Container/BoundMethod.php(93): Illuminate\\Container\\Util::unwrapIfClosure()
#5 /var/www/hack.medin.cloud/vendor/laravel/framework/src/Illuminate/Container/BoundMethod.php(37): Illuminate\\Container\\BoundMethod::callBoundMethod()
#6 /var/www/hack.medin.cloud/vendor/laravel/framework/src/Illuminate/Container/Container.php(590): Illuminate\\Container\\BoundMethod::call()
#7 /var/www/hack.medin.cloud/vendor/laravel/framework/src/Illuminate/Foundation/Application.php(856): Illuminate\\Container\\Container->call()
#8 /var/www/hack.medin.cloud/vendor/laravel/framework/src/Illuminate/Foundation/Application.php(839): Illuminate\\Foundation\\Application->bootProvider()
#9 [internal function]: Illuminate\\Foundation\\Application->Illuminate\\Foundation\\{closure}()
#10 /var/www/hack.medin.cloud/vendor/laravel/framework/src/Illuminate/Foundation/Application.php(840): array_walk()
#11 /var/www/hack.medin.cloud/vendor/laravel/framework/src/Illuminate/Foundation/Bootstrap/BootProviders.php(17): Illuminate\\Foundation\\Application->boot()
#12 /var/www/hack.medin.cloud/vendor/laravel/framework/src/Illuminate/Foundation/Application.php(219): Illuminate\\Foundation\\Bootstrap\\BootProviders->bootstrap()
#13 /var/www/hack.medin.cloud/vendor/laravel/framework/src/Illuminate/Foundation/Http/Kernel.php(156): Illuminate\\Foundation\\Application->bootstrapWith()
#14 /var/www/hack.medin.cloud/vendor/laravel/framework/src/Illuminate/Foundation/Http/Kernel.php(140): Illuminate\\Foundation\\Http\\Kernel->bootstrap()
#15 /var/www/hack.medin.cloud/vendor/laravel/framework/src/Illuminate/Foundation/Http/Kernel.php(110): Illuminate\\Foundation\\Http\\Kernel->sendRequestThroughRouter()
#16 /var/www/hack.medin.cloud/public/main.php(103): Illuminate\\Foundation\\Http\\Kernel->handle()
#17 /var/www/hack.medin.cloud/public/index.php(32): require('/var/www/hack.m...')
#18 {main}
"} 
[2021-06-18 21:33:03] production.ERROR: Target class [SocialiteProviders\Odnoklassniki\OdnoklassnikiExtendSocialite] does not exist. {"exception":"[object] (Illuminate\\Contracts\\Container\\BindingResolutionException(code: 0): Target class [SocialiteProviders\\Odnoklassniki\\OdnoklassnikiExtendSocialite] does not exist. at /var/www/hack.medin.cloud/vendor/laravel/framework/src/Illuminate/Container/Container.php:805)
[stacktrace]
#0 /var/www/hack.medin.cloud/vendor/laravel/framework/src/Illuminate/Container/Container.php(681): Illuminate\\Container\\Container->build()
#1 /var/www/hack.medin.cloud/vendor/laravel/framework/src/Illuminate/Foundation/Application.php(785): Illuminate\\Container\\Container->resolve()
#2 /var/www/hack.medin.cloud/vendor/laravel/framework/src/Illuminate/Container/Container.php(629): Illuminate\\Foundation\\Application->resolve()
#3 /var/www/hack.medin.cloud/vendor/laravel/framework/src/Illuminate/Foundation/Application.php(770): Illuminate\\Container\\Container->make()
#4 /var/www/hack.medin.cloud/vendor/laravel/framework/src/Illuminate/Events/Dispatcher.php(407): Illuminate\\Foundation\\Application->make()
#5 /var/www/hack.medin.cloud/vendor/laravel/framework/src/Illuminate/Events/Dispatcher.php(387): Illuminate\\Events\\Dispatcher->createClassCallable()
#6 /var/www/hack.medin.cloud/vendor/laravel/framework/src/Illuminate/Events/Dispatcher.php(218): Illuminate\\Events\\Dispatcher->Illuminate\\Events\\{closure}()
#7 /var/www/hack.medin.cloud/vendor/laravel/framework/src/Illuminate/Foundation/helpers.php(477): Illuminate\\Events\\Dispatcher->dispatch()
#8 /var/www/hack.medin.cloud/vendor/socialiteproviders/manager/src/ServiceProvider.php(21): event()
#9 /var/www/hack.medin.cloud/vendor/laravel/framework/src/Illuminate/Foundation/Application.php(895): SocialiteProviders\\Manager\\ServiceProvider->SocialiteProviders\\Manager\\{closure}()
#10 /var/www/hack.medin.cloud/vendor/laravel/framework/src/Illuminate/Foundation/Application.php(844): Illuminate\\Foundation\\Application->fireAppCallbacks()
#11 /var/www/hack.medin.cloud/vendor/laravel/framework/src/Illuminate/Foundation/Bootstrap/BootProviders.php(17): Illuminate\\Foundation\\Application->boot()
#12 /var/www/hack.medin.cloud/vendor/laravel/framework/src/Illuminate/Foundation/Application.php(219): Illuminate\\Foundation\\Bootstrap\\BootProviders->bootstrap()
#13 /var/www/hack.medin.cloud/vendor/laravel/framework/src/Illuminate/Foundation/Http/Kernel.php(156): Illuminate\\Foundation\\Application->bootstrapWith()
#14 /var/www/hack.medin.cloud/vendor/laravel/framework/src/Illuminate/Foundation/Http/Kernel.php(140): Illuminate\\Foundation\\Http\\Kernel->bootstrap()
#15 /var/www/hack.medin.cloud/vendor/laravel/framework/src/Illuminate/Foundation/Http/Kernel.php(110): Illuminate\\Foundation\\Http\\Kernel->sendRequestThroughRouter()
#16 /var/www/hack.medin.cloud/public/main.php(103): Illuminate\\Foundation\\Http\\Kernel->handle()
#17 /var/www/hack.medin.cloud/public/index.php(32): require('/var/www/hack.m...')
#18 {main}

[previous exception] [object] (ReflectionException(code: -1): Class SocialiteProviders\\Odnoklassniki\\OdnoklassnikiExtendSocialite does not exist at /var/www/hack.medin.cloud/vendor/laravel/framework/src/Illuminate/Container/Container.php:803)
[stacktrace]
#0 /var/www/hack.medin.cloud/vendor/laravel/framework/src/Illuminate/Container/Container.php(803): ReflectionClass->__construct()
#1 /var/www/hack.medin.cloud/vendor/laravel/framework/src/Illuminate/Container/Container.php(681): Illuminate\\Container\\Container->build()
#2 /var/www/hack.medin.cloud/vendor/laravel/framework/src/Illuminate/Foundation/Application.php(785): Illuminate\\Container\\Container->resolve()
#3 /var/www/hack.medin.cloud/vendor/laravel/framework/src/Illuminate/Container/Container.php(629): Illuminate\\Foundation\\Application->resolve()
#4 /var/www/hack.medin.cloud/vendor/laravel/framework/src/Illuminate/Foundation/Application.php(770): Illuminate\\Container\\Container->make()
#5 /var/www/hack.medin.cloud/vendor/laravel/framework/src/Illuminate/Events/Dispatcher.php(407): Illuminate\\Foundation\\Application->make()
#6 /var/www/hack.medin.cloud/vendor/laravel/framework/src/Illuminate/Events/Dispatcher.php(387): Illuminate\\Events\\Dispatcher->createClassCallable()
#7 /var/www/hack.medin.cloud/vendor/laravel/framework/src/Illuminate/Events/Dispatcher.php(218): Illuminate\\Events\\Dispatcher->Illuminate\\Events\\{closure}()
#8 /var/www/hack.medin.cloud/vendor/laravel/framework/src/Illuminate/Foundation/helpers.php(477): Illuminate\\Events\\Dispatcher->dispatch()
#9 /var/www/hack.medin.cloud/vendor/socialiteproviders/manager/src/ServiceProvider.php(21): event()
#10 /var/www/hack.medin.cloud/vendor/laravel/framework/src/Illuminate/Foundation/Application.php(895): SocialiteProviders\\Manager\\ServiceProvider->SocialiteProviders\\Manager\\{closure}()
#11 /var/www/hack.medin.cloud/vendor/laravel/framework/src/Illuminate/Foundation/Application.php(844): Illuminate\\Foundation\\Application->fireAppCallbacks()
#12 /var/www/hack.medin.cloud/vendor/laravel/framework/src/Illuminate/Foundation/Bootstrap/BootProviders.php(17): Illuminate\\Foundation\\Application->boot()
#13 /var/www/hack.medin.cloud/vendor/laravel/framework/src/Illuminate/Foundation/Application.php(219): Illuminate\\Foundation\\Bootstrap\\BootProviders->bootstrap()
#14 /var/www/hack.medin.cloud/vendor/laravel/framework/src/Illuminate/Foundation/Http/Kernel.php(156): Illuminate\\Foundation\\Application->bootstrapWith()
#15 /var/www/hack.medin.cloud/vendor/laravel/framework/src/Illuminate/Foundation/Http/Kernel.php(140): Illuminate\\Foundation\\Http\\Kernel->bootstrap()
#16 /var/www/hack.medin.cloud/vendor/laravel/framework/src/Illuminate/Foundation/Http/Kernel.php(110): Illuminate\\Foundation\\Http\\Kernel->sendRequestThroughRouter()
#17 /var/www/hack.medin.cloud/public/main.php(103): Illuminate\\Foundation\\Http\\Kernel->handle()
#18 /var/www/hack.medin.cloud/public/index.php(32): require('/var/www/hack.m...')
#19 {main}
"} 
[2021-06-18 21:33:39] production.ERROR: 18.06.2021 21:33:39 | User Id: 1 | User Ip: 31.29.198.218 | Method:App\Http\Controllers\Admin\UpdateController::check_update  
[2021-06-18 21:34:17] production.ERROR: symlink(): No such file or directory {"exception":"[object] (ErrorException(code: 0): symlink(): No such file or directory at /var/www/hack.medin.cloud/vendor/laravel/framework/src/Illuminate/Filesystem/Filesystem.php:263)
[stacktrace]
#0 [internal function]: Illuminate\\Foundation\\Bootstrap\\HandleExceptions->handleError()
#1 /var/www/hack.medin.cloud/vendor/laravel/framework/src/Illuminate/Filesystem/Filesystem.php(263): symlink()
#2 /var/www/hack.medin.cloud/vendor/laravel/framework/src/Illuminate/Foundation/Console/StorageLinkCommand.php(39): Illuminate\\Filesystem\\Filesystem->link()
#3 /var/www/hack.medin.cloud/vendor/laravel/framework/src/Illuminate/Container/BoundMethod.php(36): Illuminate\\Foundation\\Console\\StorageLinkCommand->handle()
#4 /var/www/hack.medin.cloud/vendor/laravel/framework/src/Illuminate/Container/Util.php(37): Illuminate\\Container\\BoundMethod::Illuminate\\Container\\{closure}()
#5 /var/www/hack.medin.cloud/vendor/laravel/framework/src/Illuminate/Container/BoundMethod.php(93): Illuminate\\Container\\Util::unwrapIfClosure()
#6 /var/www/hack.medin.cloud/vendor/laravel/framework/src/Illuminate/Container/BoundMethod.php(37): Illuminate\\Container\\BoundMethod::callBoundMethod()
#7 /var/www/hack.medin.cloud/vendor/laravel/framework/src/Illuminate/Container/Container.php(590): Illuminate\\Container\\BoundMethod::call()
#8 /var/www/hack.medin.cloud/vendor/laravel/framework/src/Illuminate/Console/Command.php(134): Illuminate\\Container\\Container->call()
#9 /var/www/hack.medin.cloud/vendor/symfony/console/Command/Command.php(255): Illuminate\\Console\\Command->execute()
#10 /var/www/hack.medin.cloud/vendor/laravel/framework/src/Illuminate/Console/Command.php(121): Symfony\\Component\\Console\\Command\\Command->run()
#11 /var/www/hack.medin.cloud/vendor/symfony/console/Application.php(1009): Illuminate\\Console\\Command->run()
#12 /var/www/hack.medin.cloud/vendor/symfony/console/Application.php(273): Symfony\\Component\\Console\\Application->doRunCommand()
#13 /var/www/hack.medin.cloud/vendor/symfony/console/Application.php(149): Symfony\\Component\\Console\\Application->doRun()
#14 /var/www/hack.medin.cloud/vendor/laravel/framework/src/Illuminate/Console/Application.php(93): Symfony\\Component\\Console\\Application->run()
#15 /var/www/hack.medin.cloud/vendor/laravel/framework/src/Illuminate/Foundation/Console/Kernel.php(131): Illuminate\\Console\\Application->run()
#16 /var/www/hack.medin.cloud/artisan(37): Illuminate\\Foundation\\Console\\Kernel->handle()
#17 {main}
"} 
[2021-06-18 21:40:05] production.ERROR: Trying to get property 'client_id' of non-object {"exception":"[object] (ErrorException(code: 0): Trying to get property 'client_id' of non-object at /var/www/hack.medin.cloud/Modules/Oauth2/Services/SocialAccountsService.php:174)
[stacktrace]
#0 /var/www/hack.medin.cloud/Modules/Oauth2/Services/SocialAccountsService.php(174): Illuminate\\Foundation\\Bootstrap\\HandleExceptions->handleError()
#1 /var/www/hack.medin.cloud/Modules/Oauth2/Http/Controllers/LoginController.php(70): Modules\\Oauth2\\Services\\SocialAccountsService->setClientConfig()
#2 /var/www/hack.medin.cloud/vendor/laravel/framework/src/Illuminate/Routing/Controller.php(54): Modules\\Oauth2\\Http\\Controllers\\LoginController->handleProviderCallback()
#3 /var/www/hack.medin.cloud/vendor/laravel/framework/src/Illuminate/Routing/ControllerDispatcher.php(45): Illuminate\\Routing\\Controller->callAction()
#4 /var/www/hack.medin.cloud/vendor/laravel/framework/src/Illuminate/Routing/Route.php(219): Illuminate\\Routing\\ControllerDispatcher->dispatch()
#5 /var/www/hack.medin.cloud/vendor/laravel/framework/src/Illuminate/Routing/Route.php(176): Illuminate\\Routing\\Route->runController()
#6 /var/www/hack.medin.cloud/vendor/laravel/framework/src/Illuminate/Routing/Router.php(681): Illuminate\\Routing\\Route->run()
#7 /var/www/hack.medin.cloud/vendor/laravel/framework/src/Illuminate/Pipeline/Pipeline.php(130): Illuminate\\Routing\\Router->Illuminate\\Routing\\{closure}()
#8 /var/www/hack.medin.cloud/app/Http/Middleware/ResponseIfAuthenticated.php(34): Illuminate\\Pipeline\\Pipeline->Illuminate\\Pipeline\\{closure}()
#9 /var/www/hack.medin.cloud/vendor/laravel/framework/src/Illuminate/Pipeline/Pipeline.php(171): App\\Http\\Middleware\\ResponseIfAuthenticated->handle()
#10 /var/www/hack.medin.cloud/vendor/laravel/framework/src/Illuminate/Routing/Middleware/SubstituteBindings.php(41): Illuminate\\Pipeline\\Pipeline->Illuminate\\Pipeline\\{closure}()
#11 /var/www/hack.medin.cloud/vendor/laravel/framework/src/Illuminate/Pipeline/Pipeline.php(171): Illuminate\\Routing\\Middleware\\SubstituteBindings->handle()
#12 /var/www/hack.medin.cloud/vendor/laravel/framework/src/Illuminate/Foundation/Http/Middleware/VerifyCsrfToken.php(78): Illuminate\\Pipeline\\Pipeline->Illuminate\\Pipeline\\{closure}()
#13 /var/www/hack.medin.cloud/vendor/laravel/framework/src/Illuminate/Pipeline/Pipeline.php(171): Illuminate\\Foundation\\Http\\Middleware\\VerifyCsrfToken->handle()
#14 /var/www/hack.medin.cloud/vendor/laravel/framework/src/Illuminate/View/Middleware/ShareErrorsFromSession.php(49): Illuminate\\Pipeline\\Pipeline->Illuminate\\Pipeline\\{closure}()
#15 /var/www/hack.medin.cloud/vendor/laravel/framework/src/Illuminate/Pipeline/Pipeline.php(171): Illuminate\\View\\Middleware\\ShareErrorsFromSession->handle()
#16 /var/www/hack.medin.cloud/vendor/laravel/framework/src/Illuminate/Session/Middleware/StartSession.php(56): Illuminate\\Pipeline\\Pipeline->Illuminate\\Pipeline\\{closure}()
#17 /var/www/hack.medin.cloud/vendor/laravel/framework/src/Illuminate/Pipeline/Pipeline.php(171): Illuminate\\Session\\Middleware\\StartSession->handle()
#18 /var/www/hack.medin.cloud/vendor/laravel/framework/src/Illuminate/Cookie/Middleware/AddQueuedCookiesToResponse.php(37): Illuminate\\Pipeline\\Pipeline->Illuminate\\Pipeline\\{closure}()
#19 /var/www/hack.medin.cloud/vendor/laravel/framework/src/Illuminate/Pipeline/Pipeline.php(171): Illuminate\\Cookie\\Middleware\\AddQueuedCookiesToResponse->handle()
#20 /var/www/hack.medin.cloud/vendor/laravel/framework/src/Illuminate/Cookie/Middleware/EncryptCookies.php(67): Illuminate\\Pipeline\\Pipeline->Illuminate\\Pipeline\\{closure}()
#21 /var/www/hack.medin.cloud/vendor/laravel/framework/src/Illuminate/Pipeline/Pipeline.php(171): Illuminate\\Cookie\\Middleware\\EncryptCookies->handle()
#22 /var/www/hack.medin.cloud/vendor/laravel/framework/src/Illuminate/Pipeline/Pipeline.php(105): Illuminate\\Pipeline\\Pipeline->Illuminate\\Pipeline\\{closure}()
#23 /var/www/hack.medin.cloud/vendor/laravel/framework/src/Illuminate/Routing/Router.php(683): Illuminate\\Pipeline\\Pipeline->then()
#24 /var/www/hack.medin.cloud/vendor/laravel/framework/src/Illuminate/Routing/Router.php(658): Illuminate\\Routing\\Router->runRouteWithinStack()
#25 /var/www/hack.medin.cloud/vendor/laravel/framework/src/Illuminate/Routing/Router.php(624): Illuminate\\Routing\\Router->runRoute()
#26 /var/www/hack.medin.cloud/vendor/laravel/framework/src/Illuminate/Routing/Router.php(613): Illuminate\\Routing\\Router->dispatchToRoute()
#27 /var/www/hack.medin.cloud/vendor/laravel/framework/src/Illuminate/Foundation/Http/Kernel.php(170): Illuminate\\Routing\\Router->dispatch()
#28 /var/www/hack.medin.cloud/vendor/laravel/framework/src/Illuminate/Pipeline/Pipeline.php(130): Illuminate\\Foundation\\Http\\Kernel->Illuminate\\Foundation\\Http\\{closure}()
#29 /var/www/hack.medin.cloud/vendor/laravel/framework/src/Illuminate/Session/Middleware/StartSession.php(56): Illuminate\\Pipeline\\Pipeline->Illuminate\\Pipeline\\{closure}()
#30 /var/www/hack.medin.cloud/vendor/laravel/framework/src/Illuminate/Pipeline/Pipeline.php(171): Illuminate\\Session\\Middleware\\StartSession->handle()
#31 /var/www/hack.medin.cloud/vendor/laravel/framework/src/Illuminate/Foundation/Http/Middleware/TransformsRequest.php(21): Illuminate\\Pipeline\\Pipeline->Illuminate\\Pipeline\\{closure}()
#32 /var/www/hack.medin.cloud/vendor/laravel/framework/src/Illuminate/Pipeline/Pipeline.php(171): Illuminate\\Foundation\\Http\\Middleware\\TransformsRequest->handle()
#33 /var/www/hack.medin.cloud/vendor/laravel/framework/src/Illuminate/Foundation/Http/Middleware/TransformsRequest.php(21): Illuminate\\Pipeline\\Pipeline->Illuminate\\Pipeline\\{closure}()
#34 /var/www/hack.medin.cloud/vendor/laravel/framework/src/Illuminate/Pipeline/Pipeline.php(171): Illuminate\\Foundation\\Http\\Middleware\\TransformsRequest->handle()
#35 /var/www/hack.medin.cloud/vendor/laravel/framework/src/Illuminate/Foundation/Http/Middleware/ValidatePostSize.php(27): Illuminate\\Pipeline\\Pipeline->Illuminate\\Pipeline\\{closure}()
#36 /var/www/hack.medin.cloud/vendor/laravel/framework/src/Illuminate/Pipeline/Pipeline.php(171): Illuminate\\Foundation\\Http\\Middleware\\ValidatePostSize->handle()
#37 /var/www/hack.medin.cloud/vendor/laravel/framework/src/Illuminate/Foundation/Http/Middleware/CheckForMaintenanceMode.php(63): Illuminate\\Pipeline\\Pipeline->Illuminate\\Pipeline\\{closure}()
#38 /var/www/hack.medin.cloud/vendor/laravel/framework/src/Illuminate/Pipeline/Pipeline.php(171): Illuminate\\Foundation\\Http\\Middleware\\CheckForMaintenanceMode->handle()
#39 /var/www/hack.medin.cloud/vendor/fideloper/proxy/src/TrustProxies.php(57): Illuminate\\Pipeline\\Pipeline->Illuminate\\Pipeline\\{closure}()
#40 /var/www/hack.medin.cloud/vendor/laravel/framework/src/Illuminate/Pipeline/Pipeline.php(171): Fideloper\\Proxy\\TrustProxies->handle()
#41 /var/www/hack.medin.cloud/vendor/laravel/framework/src/Illuminate/Pipeline/Pipeline.php(105): Illuminate\\Pipeline\\Pipeline->Illuminate\\Pipeline\\{closure}()
#42 /var/www/hack.medin.cloud/vendor/laravel/framework/src/Illuminate/Foundation/Http/Kernel.php(145): Illuminate\\Pipeline\\Pipeline->then()
#43 /var/www/hack.medin.cloud/vendor/laravel/framework/src/Illuminate/Foundation/Http/Kernel.php(110): Illuminate\\Foundation\\Http\\Kernel->sendRequestThroughRouter()
#44 /var/www/hack.medin.cloud/public/main.php(103): Illuminate\\Foundation\\Http\\Kernel->handle()
#45 /var/www/hack.medin.cloud/public/index.php(32): require('/var/www/hack.m...')
#46 {main}
"} 
[2021-06-18 21:44:11] production.ERROR: Trying to get property 'client_id' of non-object {"exception":"[object] (ErrorException(code: 0): Trying to get property 'client_id' of non-object at /var/www/hack.medin.cloud/Modules/Oauth2/Services/SocialAccountsService.php:174)
[stacktrace]
#0 /var/www/hack.medin.cloud/Modules/Oauth2/Services/SocialAccountsService.php(174): Illuminate\\Foundation\\Bootstrap\\HandleExceptions->handleError()
#1 /var/www/hack.medin.cloud/Modules/Oauth2/Http/Controllers/LoginController.php(70): Modules\\Oauth2\\Services\\SocialAccountsService->setClientConfig()
#2 /var/www/hack.medin.cloud/vendor/laravel/framework/src/Illuminate/Routing/Controller.php(54): Modules\\Oauth2\\Http\\Controllers\\LoginController->handleProviderCallback()
#3 /var/www/hack.medin.cloud/vendor/laravel/framework/src/Illuminate/Routing/ControllerDispatcher.php(45): Illuminate\\Routing\\Controller->callAction()
#4 /var/www/hack.medin.cloud/vendor/laravel/framework/src/Illuminate/Routing/Route.php(219): Illuminate\\Routing\\ControllerDispatcher->dispatch()
#5 /var/www/hack.medin.cloud/vendor/laravel/framework/src/Illuminate/Routing/Route.php(176): Illuminate\\Routing\\Route->runController()
#6 /var/www/hack.medin.cloud/vendor/laravel/framework/src/Illuminate/Routing/Router.php(681): Illuminate\\Routing\\Route->run()
#7 /var/www/hack.medin.cloud/vendor/laravel/framework/src/Illuminate/Pipeline/Pipeline.php(130): Illuminate\\Routing\\Router->Illuminate\\Routing\\{closure}()
#8 /var/www/hack.medin.cloud/app/Http/Middleware/ResponseIfAuthenticated.php(34): Illuminate\\Pipeline\\Pipeline->Illuminate\\Pipeline\\{closure}()
#9 /var/www/hack.medin.cloud/vendor/laravel/framework/src/Illuminate/Pipeline/Pipeline.php(171): App\\Http\\Middleware\\ResponseIfAuthenticated->handle()
#10 /var/www/hack.medin.cloud/vendor/laravel/framework/src/Illuminate/Routing/Middleware/SubstituteBindings.php(41): Illuminate\\Pipeline\\Pipeline->Illuminate\\Pipeline\\{closure}()
#11 /var/www/hack.medin.cloud/vendor/laravel/framework/src/Illuminate/Pipeline/Pipeline.php(171): Illuminate\\Routing\\Middleware\\SubstituteBindings->handle()
#12 /var/www/hack.medin.cloud/vendor/laravel/framework/src/Illuminate/Foundation/Http/Middleware/VerifyCsrfToken.php(78): Illuminate\\Pipeline\\Pipeline->Illuminate\\Pipeline\\{closure}()
#13 /var/www/hack.medin.cloud/vendor/laravel/framework/src/Illuminate/Pipeline/Pipeline.php(171): Illuminate\\Foundation\\Http\\Middleware\\VerifyCsrfToken->handle()
#14 /var/www/hack.medin.cloud/vendor/laravel/framework/src/Illuminate/View/Middleware/ShareErrorsFromSession.php(49): Illuminate\\Pipeline\\Pipeline->Illuminate\\Pipeline\\{closure}()
#15 /var/www/hack.medin.cloud/vendor/laravel/framework/src/Illuminate/Pipeline/Pipeline.php(171): Illuminate\\View\\Middleware\\ShareErrorsFromSession->handle()
#16 /var/www/hack.medin.cloud/vendor/laravel/framework/src/Illuminate/Session/Middleware/StartSession.php(56): Illuminate\\Pipeline\\Pipeline->Illuminate\\Pipeline\\{closure}()
#17 /var/www/hack.medin.cloud/vendor/laravel/framework/src/Illuminate/Pipeline/Pipeline.php(171): Illuminate\\Session\\Middleware\\StartSession->handle()
#18 /var/www/hack.medin.cloud/vendor/laravel/framework/src/Illuminate/Cookie/Middleware/AddQueuedCookiesToResponse.php(37): Illuminate\\Pipeline\\Pipeline->Illuminate\\Pipeline\\{closure}()
#19 /var/www/hack.medin.cloud/vendor/laravel/framework/src/Illuminate/Pipeline/Pipeline.php(171): Illuminate\\Cookie\\Middleware\\AddQueuedCookiesToResponse->handle()
#20 /var/www/hack.medin.cloud/vendor/laravel/framework/src/Illuminate/Cookie/Middleware/EncryptCookies.php(67): Illuminate\\Pipeline\\Pipeline->Illuminate\\Pipeline\\{closure}()
#21 /var/www/hack.medin.cloud/vendor/laravel/framework/src/Illuminate/Pipeline/Pipeline.php(171): Illuminate\\Cookie\\Middleware\\EncryptCookies->handle()
#22 /var/www/hack.medin.cloud/vendor/laravel/framework/src/Illuminate/Pipeline/Pipeline.php(105): Illuminate\\Pipeline\\Pipeline->Illuminate\\Pipeline\\{closure}()
#23 /var/www/hack.medin.cloud/vendor/laravel/framework/src/Illuminate/Routing/Router.php(683): Illuminate\\Pipeline\\Pipeline->then()
#24 /var/www/hack.medin.cloud/vendor/laravel/framework/src/Illuminate/Routing/Router.php(658): Illuminate\\Routing\\Router->runRouteWithinStack()
#25 /var/www/hack.medin.cloud/vendor/laravel/framework/src/Illuminate/Routing/Router.php(624): Illuminate\\Routing\\Router->runRoute()
#26 /var/www/hack.medin.cloud/vendor/laravel/framework/src/Illuminate/Routing/Router.php(613): Illuminate\\Routing\\Router->dispatchToRoute()
#27 /var/www/hack.medin.cloud/vendor/laravel/framework/src/Illuminate/Foundation/Http/Kernel.php(170): Illuminate\\Routing\\Router->dispatch()
#28 /var/www/hack.medin.cloud/vendor/laravel/framework/src/Illuminate/Pipeline/Pipeline.php(130): Illuminate\\Foundation\\Http\\Kernel->Illuminate\\Foundation\\Http\\{closure}()
#29 /var/www/hack.medin.cloud/vendor/laravel/framework/src/Illuminate/Session/Middleware/StartSession.php(56): Illuminate\\Pipeline\\Pipeline->Illuminate\\Pipeline\\{closure}()
#30 /var/www/hack.medin.cloud/vendor/laravel/framework/src/Illuminate/Pipeline/Pipeline.php(171): Illuminate\\Session\\Middleware\\StartSession->handle()
#31 /var/www/hack.medin.cloud/vendor/laravel/framework/src/Illuminate/Foundation/Http/Middleware/TransformsRequest.php(21): Illuminate\\Pipeline\\Pipeline->Illuminate\\Pipeline\\{closure}()
#32 /var/www/hack.medin.cloud/vendor/laravel/framework/src/Illuminate/Pipeline/Pipeline.php(171): Illuminate\\Foundation\\Http\\Middleware\\TransformsRequest->handle()
#33 /var/www/hack.medin.cloud/vendor/laravel/framework/src/Illuminate/Foundation/Http/Middleware/TransformsRequest.php(21): Illuminate\\Pipeline\\Pipeline->Illuminate\\Pipeline\\{closure}()
#34 /var/www/hack.medin.cloud/vendor/laravel/framework/src/Illuminate/Pipeline/Pipeline.php(171): Illuminate\\Foundation\\Http\\Middleware\\TransformsRequest->handle()
#35 /var/www/hack.medin.cloud/vendor/laravel/framework/src/Illuminate/Foundation/Http/Middleware/ValidatePostSize.php(27): Illuminate\\Pipeline\\Pipeline->Illuminate\\Pipeline\\{closure}()
#36 /var/www/hack.medin.cloud/vendor/laravel/framework/src/Illuminate/Pipeline/Pipeline.php(171): Illuminate\\Foundation\\Http\\Middleware\\ValidatePostSize->handle()
#37 /var/www/hack.medin.cloud/vendor/laravel/framework/src/Illuminate/Foundation/Http/Middleware/CheckForMaintenanceMode.php(63): Illuminate\\Pipeline\\Pipeline->Illuminate\\Pipeline\\{closure}()
#38 /var/www/hack.medin.cloud/vendor/laravel/framework/src/Illuminate/Pipeline/Pipeline.php(171): Illuminate\\Foundation\\Http\\Middleware\\CheckForMaintenanceMode->handle()
#39 /var/www/hack.medin.cloud/vendor/fideloper/proxy/src/TrustProxies.php(57): Illuminate\\Pipeline\\Pipeline->Illuminate\\Pipeline\\{closure}()
#40 /var/www/hack.medin.cloud/vendor/laravel/framework/src/Illuminate/Pipeline/Pipeline.php(171): Fideloper\\Proxy\\TrustProxies->handle()
#41 /var/www/hack.medin.cloud/vendor/laravel/framework/src/Illuminate/Pipeline/Pipeline.php(105): Illuminate\\Pipeline\\Pipeline->Illuminate\\Pipeline\\{closure}()
#42 /var/www/hack.medin.cloud/vendor/laravel/framework/src/Illuminate/Foundation/Http/Kernel.php(145): Illuminate\\Pipeline\\Pipeline->then()
#43 /var/www/hack.medin.cloud/vendor/laravel/framework/src/Illuminate/Foundation/Http/Kernel.php(110): Illuminate\\Foundation\\Http\\Kernel->sendRequestThroughRouter()
#44 /var/www/hack.medin.cloud/public/main.php(103): Illuminate\\Foundation\\Http\\Kernel->handle()
#45 /var/www/hack.medin.cloud/public/index.php(32): require('/var/www/hack.m...')
#46 {main}
"} 
[2021-06-18 22:34:58] production.ERROR: Trying to get property 'client_id' of non-object {"exception":"[object] (ErrorException(code: 0): Trying to get property 'client_id' of non-object at /var/www/hack.medin.cloud/Modules/Oauth2/Services/SocialAccountsService.php:174)
[stacktrace]
#0 /var/www/hack.medin.cloud/Modules/Oauth2/Services/SocialAccountsService.php(174): Illuminate\\Foundation\\Bootstrap\\HandleExceptions->handleError()
#1 /var/www/hack.medin.cloud/Modules/Oauth2/Http/Controllers/LoginController.php(70): Modules\\Oauth2\\Services\\SocialAccountsService->setClientConfig()
#2 /var/www/hack.medin.cloud/vendor/laravel/framework/src/Illuminate/Routing/Controller.php(54): Modules\\Oauth2\\Http\\Controllers\\LoginController->handleProviderCallback()
#3 /var/www/hack.medin.cloud/vendor/laravel/framework/src/Illuminate/Routing/ControllerDispatcher.php(45): Illuminate\\Routing\\Controller->callAction()
#4 /var/www/hack.medin.cloud/vendor/laravel/framework/src/Illuminate/Routing/Route.php(219): Illuminate\\Routing\\ControllerDispatcher->dispatch()
#5 /var/www/hack.medin.cloud/vendor/laravel/framework/src/Illuminate/Routing/Route.php(176): Illuminate\\Routing\\Route->runController()
#6 /var/www/hack.medin.cloud/vendor/laravel/framework/src/Illuminate/Routing/Router.php(681): Illuminate\\Routing\\Route->run()
#7 /var/www/hack.medin.cloud/vendor/laravel/framework/src/Illuminate/Pipeline/Pipeline.php(130): Illuminate\\Routing\\Router->Illuminate\\Routing\\{closure}()
#8 /var/www/hack.medin.cloud/app/Http/Middleware/ResponseIfAuthenticated.php(34): Illuminate\\Pipeline\\Pipeline->Illuminate\\Pipeline\\{closure}()
#9 /var/www/hack.medin.cloud/vendor/laravel/framework/src/Illuminate/Pipeline/Pipeline.php(171): App\\Http\\Middleware\\ResponseIfAuthenticated->handle()
#10 /var/www/hack.medin.cloud/vendor/laravel/framework/src/Illuminate/Routing/Middleware/SubstituteBindings.php(41): Illuminate\\Pipeline\\Pipeline->Illuminate\\Pipeline\\{closure}()
#11 /var/www/hack.medin.cloud/vendor/laravel/framework/src/Illuminate/Pipeline/Pipeline.php(171): Illuminate\\Routing\\Middleware\\SubstituteBindings->handle()
#12 /var/www/hack.medin.cloud/vendor/laravel/framework/src/Illuminate/Foundation/Http/Middleware/VerifyCsrfToken.php(78): Illuminate\\Pipeline\\Pipeline->Illuminate\\Pipeline\\{closure}()
#13 /var/www/hack.medin.cloud/vendor/laravel/framework/src/Illuminate/Pipeline/Pipeline.php(171): Illuminate\\Foundation\\Http\\Middleware\\VerifyCsrfToken->handle()
#14 /var/www/hack.medin.cloud/vendor/laravel/framework/src/Illuminate/View/Middleware/ShareErrorsFromSession.php(49): Illuminate\\Pipeline\\Pipeline->Illuminate\\Pipeline\\{closure}()
#15 /var/www/hack.medin.cloud/vendor/laravel/framework/src/Illuminate/Pipeline/Pipeline.php(171): Illuminate\\View\\Middleware\\ShareErrorsFromSession->handle()
#16 /var/www/hack.medin.cloud/vendor/laravel/framework/src/Illuminate/Session/Middleware/StartSession.php(56): Illuminate\\Pipeline\\Pipeline->Illuminate\\Pipeline\\{closure}()
#17 /var/www/hack.medin.cloud/vendor/laravel/framework/src/Illuminate/Pipeline/Pipeline.php(171): Illuminate\\Session\\Middleware\\StartSession->handle()
#18 /var/www/hack.medin.cloud/vendor/laravel/framework/src/Illuminate/Cookie/Middleware/AddQueuedCookiesToResponse.php(37): Illuminate\\Pipeline\\Pipeline->Illuminate\\Pipeline\\{closure}()
#19 /var/www/hack.medin.cloud/vendor/laravel/framework/src/Illuminate/Pipeline/Pipeline.php(171): Illuminate\\Cookie\\Middleware\\AddQueuedCookiesToResponse->handle()
#20 /var/www/hack.medin.cloud/vendor/laravel/framework/src/Illuminate/Cookie/Middleware/EncryptCookies.php(67): Illuminate\\Pipeline\\Pipeline->Illuminate\\Pipeline\\{closure}()
#21 /var/www/hack.medin.cloud/vendor/laravel/framework/src/Illuminate/Pipeline/Pipeline.php(171): Illuminate\\Cookie\\Middleware\\EncryptCookies->handle()
#22 /var/www/hack.medin.cloud/vendor/laravel/framework/src/Illuminate/Pipeline/Pipeline.php(105): Illuminate\\Pipeline\\Pipeline->Illuminate\\Pipeline\\{closure}()
#23 /var/www/hack.medin.cloud/vendor/laravel/framework/src/Illuminate/Routing/Router.php(683): Illuminate\\Pipeline\\Pipeline->then()
#24 /var/www/hack.medin.cloud/vendor/laravel/framework/src/Illuminate/Routing/Router.php(658): Illuminate\\Routing\\Router->runRouteWithinStack()
#25 /var/www/hack.medin.cloud/vendor/laravel/framework/src/Illuminate/Routing/Router.php(624): Illuminate\\Routing\\Router->runRoute()
#26 /var/www/hack.medin.cloud/vendor/laravel/framework/src/Illuminate/Routing/Router.php(613): Illuminate\\Routing\\Router->dispatchToRoute()
#27 /var/www/hack.medin.cloud/vendor/laravel/framework/src/Illuminate/Foundation/Http/Kernel.php(170): Illuminate\\Routing\\Router->dispatch()
#28 /var/www/hack.medin.cloud/vendor/laravel/framework/src/Illuminate/Pipeline/Pipeline.php(130): Illuminate\\Foundation\\Http\\Kernel->Illuminate\\Foundation\\Http\\{closure}()
#29 /var/www/hack.medin.cloud/vendor/laravel/framework/src/Illuminate/Session/Middleware/StartSession.php(56): Illuminate\\Pipeline\\Pipeline->Illuminate\\Pipeline\\{closure}()
#30 /var/www/hack.medin.cloud/vendor/laravel/framework/src/Illuminate/Pipeline/Pipeline.php(171): Illuminate\\Session\\Middleware\\StartSession->handle()
#31 /var/www/hack.medin.cloud/vendor/laravel/framework/src/Illuminate/Foundation/Http/Middleware/TransformsRequest.php(21): Illuminate\\Pipeline\\Pipeline->Illuminate\\Pipeline\\{closure}()
#32 /var/www/hack.medin.cloud/vendor/laravel/framework/src/Illuminate/Pipeline/Pipeline.php(171): Illuminate\\Foundation\\Http\\Middleware\\TransformsRequest->handle()
#33 /var/www/hack.medin.cloud/vendor/laravel/framework/src/Illuminate/Foundation/Http/Middleware/TransformsRequest.php(21): Illuminate\\Pipeline\\Pipeline->Illuminate\\Pipeline\\{closure}()
#34 /var/www/hack.medin.cloud/vendor/laravel/framework/src/Illuminate/Pipeline/Pipeline.php(171): Illuminate\\Foundation\\Http\\Middleware\\TransformsRequest->handle()
#35 /var/www/hack.medin.cloud/vendor/laravel/framework/src/Illuminate/Foundation/Http/Middleware/ValidatePostSize.php(27): Illuminate\\Pipeline\\Pipeline->Illuminate\\Pipeline\\{closure}()
#36 /var/www/hack.medin.cloud/vendor/laravel/framework/src/Illuminate/Pipeline/Pipeline.php(171): Illuminate\\Foundation\\Http\\Middleware\\ValidatePostSize->handle()
#37 /var/www/hack.medin.cloud/vendor/laravel/framework/src/Illuminate/Foundation/Http/Middleware/CheckForMaintenanceMode.php(63): Illuminate\\Pipeline\\Pipeline->Illuminate\\Pipeline\\{closure}()
#38 /var/www/hack.medin.cloud/vendor/laravel/framework/src/Illuminate/Pipeline/Pipeline.php(171): Illuminate\\Foundation\\Http\\Middleware\\CheckForMaintenanceMode->handle()
#39 /var/www/hack.medin.cloud/vendor/fideloper/proxy/src/TrustProxies.php(57): Illuminate\\Pipeline\\Pipeline->Illuminate\\Pipeline\\{closure}()
#40 /var/www/hack.medin.cloud/vendor/laravel/framework/src/Illuminate/Pipeline/Pipeline.php(171): Fideloper\\Proxy\\TrustProxies->handle()
#41 /var/www/hack.medin.cloud/vendor/laravel/framework/src/Illuminate/Pipeline/Pipeline.php(105): Illuminate\\Pipeline\\Pipeline->Illuminate\\Pipeline\\{closure}()
#42 /var/www/hack.medin.cloud/vendor/laravel/framework/src/Illuminate/Foundation/Http/Kernel.php(145): Illuminate\\Pipeline\\Pipeline->then()
#43 /var/www/hack.medin.cloud/vendor/laravel/framework/src/Illuminate/Foundation/Http/Kernel.php(110): Illuminate\\Foundation\\Http\\Kernel->sendRequestThroughRouter()
#44 /var/www/hack.medin.cloud/public/main.php(103): Illuminate\\Foundation\\Http\\Kernel->handle()
#45 /var/www/hack.medin.cloud/public/index.php(32): require('/var/www/hack.m...')
#46 {main}
"} 
[2021-06-18 22:35:36] production.ERROR: Trying to get property 'client_id' of non-object {"exception":"[object] (ErrorException(code: 0): Trying to get property 'client_id' of non-object at /var/www/hack.medin.cloud/Modules/Oauth2/Services/SocialAccountsService.php:174)
[stacktrace]
#0 /var/www/hack.medin.cloud/Modules/Oauth2/Services/SocialAccountsService.php(174): Illuminate\\Foundation\\Bootstrap\\HandleExceptions->handleError()
#1 /var/www/hack.medin.cloud/Modules/Oauth2/Http/Controllers/LoginController.php(70): Modules\\Oauth2\\Services\\SocialAccountsService->setClientConfig()
#2 /var/www/hack.medin.cloud/vendor/laravel/framework/src/Illuminate/Routing/Controller.php(54): Modules\\Oauth2\\Http\\Controllers\\LoginController->handleProviderCallback()
#3 /var/www/hack.medin.cloud/vendor/laravel/framework/src/Illuminate/Routing/ControllerDispatcher.php(45): Illuminate\\Routing\\Controller->callAction()
#4 /var/www/hack.medin.cloud/vendor/laravel/framework/src/Illuminate/Routing/Route.php(219): Illuminate\\Routing\\ControllerDispatcher->dispatch()
#5 /var/www/hack.medin.cloud/vendor/laravel/framework/src/Illuminate/Routing/Route.php(176): Illuminate\\Routing\\Route->runController()
#6 /var/www/hack.medin.cloud/vendor/laravel/framework/src/Illuminate/Routing/Router.php(681): Illuminate\\Routing\\Route->run()
#7 /var/www/hack.medin.cloud/vendor/laravel/framework/src/Illuminate/Pipeline/Pipeline.php(130): Illuminate\\Routing\\Router->Illuminate\\Routing\\{closure}()
#8 /var/www/hack.medin.cloud/app/Http/Middleware/ResponseIfAuthenticated.php(34): Illuminate\\Pipeline\\Pipeline->Illuminate\\Pipeline\\{closure}()
#9 /var/www/hack.medin.cloud/vendor/laravel/framework/src/Illuminate/Pipeline/Pipeline.php(171): App\\Http\\Middleware\\ResponseIfAuthenticated->handle()
#10 /var/www/hack.medin.cloud/vendor/laravel/framework/src/Illuminate/Routing/Middleware/SubstituteBindings.php(41): Illuminate\\Pipeline\\Pipeline->Illuminate\\Pipeline\\{closure}()
#11 /var/www/hack.medin.cloud/vendor/laravel/framework/src/Illuminate/Pipeline/Pipeline.php(171): Illuminate\\Routing\\Middleware\\SubstituteBindings->handle()
#12 /var/www/hack.medin.cloud/vendor/laravel/framework/src/Illuminate/Foundation/Http/Middleware/VerifyCsrfToken.php(78): Illuminate\\Pipeline\\Pipeline->Illuminate\\Pipeline\\{closure}()
#13 /var/www/hack.medin.cloud/vendor/laravel/framework/src/Illuminate/Pipeline/Pipeline.php(171): Illuminate\\Foundation\\Http\\Middleware\\VerifyCsrfToken->handle()
#14 /var/www/hack.medin.cloud/vendor/laravel/framework/src/Illuminate/View/Middleware/ShareErrorsFromSession.php(49): Illuminate\\Pipeline\\Pipeline->Illuminate\\Pipeline\\{closure}()
#15 /var/www/hack.medin.cloud/vendor/laravel/framework/src/Illuminate/Pipeline/Pipeline.php(171): Illuminate\\View\\Middleware\\ShareErrorsFromSession->handle()
#16 /var/www/hack.medin.cloud/vendor/laravel/framework/src/Illuminate/Session/Middleware/StartSession.php(56): Illuminate\\Pipeline\\Pipeline->Illuminate\\Pipeline\\{closure}()
#17 /var/www/hack.medin.cloud/vendor/laravel/framework/src/Illuminate/Pipeline/Pipeline.php(171): Illuminate\\Session\\Middleware\\StartSession->handle()
#18 /var/www/hack.medin.cloud/vendor/laravel/framework/src/Illuminate/Cookie/Middleware/AddQueuedCookiesToResponse.php(37): Illuminate\\Pipeline\\Pipeline->Illuminate\\Pipeline\\{closure}()
#19 /var/www/hack.medin.cloud/vendor/laravel/framework/src/Illuminate/Pipeline/Pipeline.php(171): Illuminate\\Cookie\\Middleware\\AddQueuedCookiesToResponse->handle()
#20 /var/www/hack.medin.cloud/vendor/laravel/framework/src/Illuminate/Cookie/Middleware/EncryptCookies.php(67): Illuminate\\Pipeline\\Pipeline->Illuminate\\Pipeline\\{closure}()
#21 /var/www/hack.medin.cloud/vendor/laravel/framework/src/Illuminate/Pipeline/Pipeline.php(171): Illuminate\\Cookie\\Middleware\\EncryptCookies->handle()
#22 /var/www/hack.medin.cloud/vendor/laravel/framework/src/Illuminate/Pipeline/Pipeline.php(105): Illuminate\\Pipeline\\Pipeline->Illuminate\\Pipeline\\{closure}()
#23 /var/www/hack.medin.cloud/vendor/laravel/framework/src/Illuminate/Routing/Router.php(683): Illuminate\\Pipeline\\Pipeline->then()
#24 /var/www/hack.medin.cloud/vendor/laravel/framework/src/Illuminate/Routing/Router.php(658): Illuminate\\Routing\\Router->runRouteWithinStack()
#25 /var/www/hack.medin.cloud/vendor/laravel/framework/src/Illuminate/Routing/Router.php(624): Illuminate\\Routing\\Router->runRoute()
#26 /var/www/hack.medin.cloud/vendor/laravel/framework/src/Illuminate/Routing/Router.php(613): Illuminate\\Routing\\Router->dispatchToRoute()
#27 /var/www/hack.medin.cloud/vendor/laravel/framework/src/Illuminate/Foundation/Http/Kernel.php(170): Illuminate\\Routing\\Router->dispatch()
#28 /var/www/hack.medin.cloud/vendor/laravel/framework/src/Illuminate/Pipeline/Pipeline.php(130): Illuminate\\Foundation\\Http\\Kernel->Illuminate\\Foundation\\Http\\{closure}()
#29 /var/www/hack.medin.cloud/vendor/laravel/framework/src/Illuminate/Session/Middleware/StartSession.php(56): Illuminate\\Pipeline\\Pipeline->Illuminate\\Pipeline\\{closure}()
#30 /var/www/hack.medin.cloud/vendor/laravel/framework/src/Illuminate/Pipeline/Pipeline.php(171): Illuminate\\Session\\Middleware\\StartSession->handle()
#31 /var/www/hack.medin.cloud/vendor/laravel/framework/src/Illuminate/Foundation/Http/Middleware/TransformsRequest.php(21): Illuminate\\Pipeline\\Pipeline->Illuminate\\Pipeline\\{closure}()
#32 /var/www/hack.medin.cloud/vendor/laravel/framework/src/Illuminate/Pipeline/Pipeline.php(171): Illuminate\\Foundation\\Http\\Middleware\\TransformsRequest->handle()
#33 /var/www/hack.medin.cloud/vendor/laravel/framework/src/Illuminate/Foundation/Http/Middleware/TransformsRequest.php(21): Illuminate\\Pipeline\\Pipeline->Illuminate\\Pipeline\\{closure}()
#34 /var/www/hack.medin.cloud/vendor/laravel/framework/src/Illuminate/Pipeline/Pipeline.php(171): Illuminate\\Foundation\\Http\\Middleware\\TransformsRequest->handle()
#35 /var/www/hack.medin.cloud/vendor/laravel/framework/src/Illuminate/Foundation/Http/Middleware/ValidatePostSize.php(27): Illuminate\\Pipeline\\Pipeline->Illuminate\\Pipeline\\{closure}()
#36 /var/www/hack.medin.cloud/vendor/laravel/framework/src/Illuminate/Pipeline/Pipeline.php(171): Illuminate\\Foundation\\Http\\Middleware\\ValidatePostSize->handle()
#37 /var/www/hack.medin.cloud/vendor/laravel/framework/src/Illuminate/Foundation/Http/Middleware/CheckForMaintenanceMode.php(63): Illuminate\\Pipeline\\Pipeline->Illuminate\\Pipeline\\{closure}()
#38 /var/www/hack.medin.cloud/vendor/laravel/framework/src/Illuminate/Pipeline/Pipeline.php(171): Illuminate\\Foundation\\Http\\Middleware\\CheckForMaintenanceMode->handle()
#39 /var/www/hack.medin.cloud/vendor/fideloper/proxy/src/TrustProxies.php(57): Illuminate\\Pipeline\\Pipeline->Illuminate\\Pipeline\\{closure}()
#40 /var/www/hack.medin.cloud/vendor/laravel/framework/src/Illuminate/Pipeline/Pipeline.php(171): Fideloper\\Proxy\\TrustProxies->handle()
#41 /var/www/hack.medin.cloud/vendor/laravel/framework/src/Illuminate/Pipeline/Pipeline.php(105): Illuminate\\Pipeline\\Pipeline->Illuminate\\Pipeline\\{closure}()
#42 /var/www/hack.medin.cloud/vendor/laravel/framework/src/Illuminate/Foundation/Http/Kernel.php(145): Illuminate\\Pipeline\\Pipeline->then()
#43 /var/www/hack.medin.cloud/vendor/laravel/framework/src/Illuminate/Foundation/Http/Kernel.php(110): Illuminate\\Foundation\\Http\\Kernel->sendRequestThroughRouter()
#44 /var/www/hack.medin.cloud/public/main.php(103): Illuminate\\Foundation\\Http\\Kernel->handle()
#45 /var/www/hack.medin.cloud/public/index.php(32): require('/var/www/hack.m...')
#46 {main}
"} 
[2021-06-18 22:36:21] production.ERROR: Trying to get property 'client_id' of non-object {"exception":"[object] (ErrorException(code: 0): Trying to get property 'client_id' of non-object at /var/www/hack.medin.cloud/Modules/Oauth2/Services/SocialAccountsService.php:174)
[stacktrace]
#0 /var/www/hack.medin.cloud/Modules/Oauth2/Services/SocialAccountsService.php(174): Illuminate\\Foundation\\Bootstrap\\HandleExceptions->handleError()
#1 /var/www/hack.medin.cloud/Modules/Oauth2/Http/Controllers/LoginController.php(70): Modules\\Oauth2\\Services\\SocialAccountsService->setClientConfig()
#2 /var/www/hack.medin.cloud/vendor/laravel/framework/src/Illuminate/Routing/Controller.php(54): Modules\\Oauth2\\Http\\Controllers\\LoginController->handleProviderCallback()
#3 /var/www/hack.medin.cloud/vendor/laravel/framework/src/Illuminate/Routing/ControllerDispatcher.php(45): Illuminate\\Routing\\Controller->callAction()
#4 /var/www/hack.medin.cloud/vendor/laravel/framework/src/Illuminate/Routing/Route.php(219): Illuminate\\Routing\\ControllerDispatcher->dispatch()
#5 /var/www/hack.medin.cloud/vendor/laravel/framework/src/Illuminate/Routing/Route.php(176): Illuminate\\Routing\\Route->runController()
#6 /var/www/hack.medin.cloud/vendor/laravel/framework/src/Illuminate/Routing/Router.php(681): Illuminate\\Routing\\Route->run()
#7 /var/www/hack.medin.cloud/vendor/laravel/framework/src/Illuminate/Pipeline/Pipeline.php(130): Illuminate\\Routing\\Router->Illuminate\\Routing\\{closure}()
#8 /var/www/hack.medin.cloud/app/Http/Middleware/ResponseIfAuthenticated.php(34): Illuminate\\Pipeline\\Pipeline->Illuminate\\Pipeline\\{closure}()
#9 /var/www/hack.medin.cloud/vendor/laravel/framework/src/Illuminate/Pipeline/Pipeline.php(171): App\\Http\\Middleware\\ResponseIfAuthenticated->handle()
#10 /var/www/hack.medin.cloud/vendor/laravel/framework/src/Illuminate/Routing/Middleware/SubstituteBindings.php(41): Illuminate\\Pipeline\\Pipeline->Illuminate\\Pipeline\\{closure}()
#11 /var/www/hack.medin.cloud/vendor/laravel/framework/src/Illuminate/Pipeline/Pipeline.php(171): Illuminate\\Routing\\Middleware\\SubstituteBindings->handle()
#12 /var/www/hack.medin.cloud/vendor/laravel/framework/src/Illuminate/Foundation/Http/Middleware/VerifyCsrfToken.php(78): Illuminate\\Pipeline\\Pipeline->Illuminate\\Pipeline\\{closure}()
#13 /var/www/hack.medin.cloud/vendor/laravel/framework/src/Illuminate/Pipeline/Pipeline.php(171): Illuminate\\Foundation\\Http\\Middleware\\VerifyCsrfToken->handle()
#14 /var/www/hack.medin.cloud/vendor/laravel/framework/src/Illuminate/View/Middleware/ShareErrorsFromSession.php(49): Illuminate\\Pipeline\\Pipeline->Illuminate\\Pipeline\\{closure}()
#15 /var/www/hack.medin.cloud/vendor/laravel/framework/src/Illuminate/Pipeline/Pipeline.php(171): Illuminate\\View\\Middleware\\ShareErrorsFromSession->handle()
#16 /var/www/hack.medin.cloud/vendor/laravel/framework/src/Illuminate/Session/Middleware/StartSession.php(56): Illuminate\\Pipeline\\Pipeline->Illuminate\\Pipeline\\{closure}()
#17 /var/www/hack.medin.cloud/vendor/laravel/framework/src/Illuminate/Pipeline/Pipeline.php(171): Illuminate\\Session\\Middleware\\StartSession->handle()
#18 /var/www/hack.medin.cloud/vendor/laravel/framework/src/Illuminate/Cookie/Middleware/AddQueuedCookiesToResponse.php(37): Illuminate\\Pipeline\\Pipeline->Illuminate\\Pipeline\\{closure}()
#19 /var/www/hack.medin.cloud/vendor/laravel/framework/src/Illuminate/Pipeline/Pipeline.php(171): Illuminate\\Cookie\\Middleware\\AddQueuedCookiesToResponse->handle()
#20 /var/www/hack.medin.cloud/vendor/laravel/framework/src/Illuminate/Cookie/Middleware/EncryptCookies.php(67): Illuminate\\Pipeline\\Pipeline->Illuminate\\Pipeline\\{closure}()
#21 /var/www/hack.medin.cloud/vendor/laravel/framework/src/Illuminate/Pipeline/Pipeline.php(171): Illuminate\\Cookie\\Middleware\\EncryptCookies->handle()
#22 /var/www/hack.medin.cloud/vendor/laravel/framework/src/Illuminate/Pipeline/Pipeline.php(105): Illuminate\\Pipeline\\Pipeline->Illuminate\\Pipeline\\{closure}()
#23 /var/www/hack.medin.cloud/vendor/laravel/framework/src/Illuminate/Routing/Router.php(683): Illuminate\\Pipeline\\Pipeline->then()
#24 /var/www/hack.medin.cloud/vendor/laravel/framework/src/Illuminate/Routing/Router.php(658): Illuminate\\Routing\\Router->runRouteWithinStack()
#25 /var/www/hack.medin.cloud/vendor/laravel/framework/src/Illuminate/Routing/Router.php(624): Illuminate\\Routing\\Router->runRoute()
#26 /var/www/hack.medin.cloud/vendor/laravel/framework/src/Illuminate/Routing/Router.php(613): Illuminate\\Routing\\Router->dispatchToRoute()
#27 /var/www/hack.medin.cloud/vendor/laravel/framework/src/Illuminate/Foundation/Http/Kernel.php(170): Illuminate\\Routing\\Router->dispatch()
#28 /var/www/hack.medin.cloud/vendor/laravel/framework/src/Illuminate/Pipeline/Pipeline.php(130): Illuminate\\Foundation\\Http\\Kernel->Illuminate\\Foundation\\Http\\{closure}()
#29 /var/www/hack.medin.cloud/vendor/laravel/framework/src/Illuminate/Session/Middleware/StartSession.php(56): Illuminate\\Pipeline\\Pipeline->Illuminate\\Pipeline\\{closure}()
#30 /var/www/hack.medin.cloud/vendor/laravel/framework/src/Illuminate/Pipeline/Pipeline.php(171): Illuminate\\Session\\Middleware\\StartSession->handle()
#31 /var/www/hack.medin.cloud/vendor/laravel/framework/src/Illuminate/Foundation/Http/Middleware/TransformsRequest.php(21): Illuminate\\Pipeline\\Pipeline->Illuminate\\Pipeline\\{closure}()
#32 /var/www/hack.medin.cloud/vendor/laravel/framework/src/Illuminate/Pipeline/Pipeline.php(171): Illuminate\\Foundation\\Http\\Middleware\\TransformsRequest->handle()
#33 /var/www/hack.medin.cloud/vendor/laravel/framework/src/Illuminate/Foundation/Http/Middleware/TransformsRequest.php(21): Illuminate\\Pipeline\\Pipeline->Illuminate\\Pipeline\\{closure}()
#34 /var/www/hack.medin.cloud/vendor/laravel/framework/src/Illuminate/Pipeline/Pipeline.php(171): Illuminate\\Foundation\\Http\\Middleware\\TransformsRequest->handle()
#35 /var/www/hack.medin.cloud/vendor/laravel/framework/src/Illuminate/Foundation/Http/Middleware/ValidatePostSize.php(27): Illuminate\\Pipeline\\Pipeline->Illuminate\\Pipeline\\{closure}()
#36 /var/www/hack.medin.cloud/vendor/laravel/framework/src/Illuminate/Pipeline/Pipeline.php(171): Illuminate\\Foundation\\Http\\Middleware\\ValidatePostSize->handle()
#37 /var/www/hack.medin.cloud/vendor/laravel/framework/src/Illuminate/Foundation/Http/Middleware/CheckForMaintenanceMode.php(63): Illuminate\\Pipeline\\Pipeline->Illuminate\\Pipeline\\{closure}()
#38 /var/www/hack.medin.cloud/vendor/laravel/framework/src/Illuminate/Pipeline/Pipeline.php(171): Illuminate\\Foundation\\Http\\Middleware\\CheckForMaintenanceMode->handle()
#39 /var/www/hack.medin.cloud/vendor/fideloper/proxy/src/TrustProxies.php(57): Illuminate\\Pipeline\\Pipeline->Illuminate\\Pipeline\\{closure}()
#40 /var/www/hack.medin.cloud/vendor/laravel/framework/src/Illuminate/Pipeline/Pipeline.php(171): Fideloper\\Proxy\\TrustProxies->handle()
#41 /var/www/hack.medin.cloud/vendor/laravel/framework/src/Illuminate/Pipeline/Pipeline.php(105): Illuminate\\Pipeline\\Pipeline->Illuminate\\Pipeline\\{closure}()
#42 /var/www/hack.medin.cloud/vendor/laravel/framework/src/Illuminate/Foundation/Http/Kernel.php(145): Illuminate\\Pipeline\\Pipeline->then()
#43 /var/www/hack.medin.cloud/vendor/laravel/framework/src/Illuminate/Foundation/Http/Kernel.php(110): Illuminate\\Foundation\\Http\\Kernel->sendRequestThroughRouter()
#44 /var/www/hack.medin.cloud/public/main.php(103): Illuminate\\Foundation\\Http\\Kernel->handle()
#45 /var/www/hack.medin.cloud/public/index.php(32): require('/var/www/hack.m...')
#46 {main}
"} 
